<?xml version="1.0" encoding="UTF-8"?>
<testng-results ignored="0" total="1" passed="1" failed="0" skipped="0">
  <reporter-output>
  </reporter-output>
  <suite started-at="2024-02-22T11:50:44 IST" name="Suite" finished-at="2024-02-22T11:50:54 IST" duration-ms="10217">
    <groups>
    </groups>
    <test started-at="2024-02-22T11:50:44 IST" name="Test" finished-at="2024-02-22T11:50:54 IST" duration-ms="10217">
      <class name="driverFactory.AppTest">
        <test-method signature="kickStart()[pri:0, instance:driverFactory.AppTest@7f3b84b8]" started-at="2024-02-22T11:50:44 IST" name="kickStart" finished-at="2024-02-22T11:50:54 IST" duration-ms="10166" status="PASS">
          <reporter-output>
          </reporter-output>
        </test-method> <!-- kickStart -->
      </class> <!-- driverFactory.AppTest -->
    </test> <!-- Test -->
  </suite> <!-- Suite -->
</testng-results>
